[2021-06-30 16:03:29,770] multiqc                                            [DEBUG  ]  No MultiQC config found: /sw/bioinfo/MultiQC/1.10.1/rackham/lib/python3.7/site-packages/multiqc_config.yaml
[2021-06-30 16:03:29,770] multiqc                                            [DEBUG  ]  No MultiQC config found: /home/johanr/.multiqc_config.yaml
[2021-06-30 16:03:29,770] multiqc                                            [DEBUG  ]  No MultiQC config found: multiqc_config.yaml
[2021-06-30 16:03:29,771] multiqc                                            [DEBUG  ]  Command used: /sw/bioinfo/MultiQC/1.10.1/rackham/bin/multiqc featureCounts
[2021-06-30 16:03:30,077] multiqc                                            [DEBUG  ]  Latest MultiQC version is v1.10.1
[2021-06-30 16:03:30,077] multiqc                                            [INFO   ]  This is MultiQC v1.10.1
[2021-06-30 16:03:30,077] multiqc                                            [DEBUG  ]  Command     : /sw/bioinfo/MultiQC/1.10.1/rackham/bin/multiqc featureCounts
[2021-06-30 16:03:30,077] multiqc                                            [DEBUG  ]  Working dir : /crex/proj/sllstore2017101/nobackup/b2016278_nobackup/geneCounts
[2021-06-30 16:03:30,077] multiqc                                            [INFO   ]  Template    : default
[2021-06-30 16:03:30,077] multiqc                                            [DEBUG  ]  Running Python 3.7.2 (default, Mar 14 2019, 18:52:14)  [GCC 4.8.5 20150623 (Red Hat 4.8.5-36)]
[2021-06-30 16:03:30,077] multiqc                                            [INFO   ]  Searching   : /crex/proj/sllstore2017101/nobackup/b2016278_nobackup/geneCounts/featureCounts
[2021-06-30 16:03:30,078] multiqc                                            [DEBUG  ]  Analysing modules: custom_content, ngsderive, purple, conpair, peddy, somalier, methylQA, mosdepth, phantompeakqualtools, qualimap, preseq, quast, qorts, rna_seqc, rockhopper, rsem, rseqc, busco, goleft_indexcov, disambiguate, supernova, deeptools, sargasso, verifybamid, mirtrace, happy, mirtop, homer, hops, macs2, theta2, snpeff, gatk, htseq, bcftools, featureCounts, fgbio, dragen, dedup, damageprofiler, biobambam2, jcvi, mtnucratio, picard, sentieon, prokka, qc3C, samblaster, samtools, sexdeterrmine, eigenstratdatabasetools, bamtools, jellyfish, vcftools, longranger, stacks, varscan2, bbmap, bismark, biscuit, hicexplorer, hicup, hicpro, salmon, kallisto, slamdunk, star, hisat2, tophat, bowtie2, bowtie1, snpsplit, kat, leehom, adapterRemoval, clipandmerge, cutadapt, flexbar, kaiju, kraken, malt, trimmomatic, sickle, skewer, sortmerna, biobloomtools, fastq_screen, afterqc, fastp, fastqc, pychopper, pycoqc, minionqc, multivcfanalyzer, clusterflow, bcl2fastq, interop, ivar, flash, seqyclean, optitype
[2021-06-30 16:03:30,078] multiqc                                            [DEBUG  ]  Using temporary directory for creating report: /scratch/tmpmx52ry8g
[2021-06-30 16:03:30,527] multiqc                                            [DEBUG  ]  File ignored by hicexplorer because it exceeded search pattern filesize limit: L1_sa
[2021-06-30 16:03:30,535] multiqc                                            [DEBUG  ]  File ignored by longranger/invocation because it exceeded search pattern filesize limit: L1_sa
[2021-06-30 16:03:30,535] multiqc                                            [DEBUG  ]  File ignored by rockhopper because it exceeded search pattern filesize limit: L1_sa
[2021-06-30 16:03:30,535] multiqc                                            [DEBUG  ]  File ignored by rseqc/bam_stat because it exceeded search pattern filesize limit: L1_sa
[2021-06-30 16:03:30,535] multiqc                                            [DEBUG  ]  File ignored by rseqc/junction_annotation because it exceeded search pattern filesize limit: L1_sa
[2021-06-30 16:03:30,535] multiqc                                            [DEBUG  ]  File ignored by rseqc/read_distribution because it exceeded search pattern filesize limit: L1_sa
[2021-06-30 16:03:30,536] multiqc                                            [DEBUG  ]  File ignored by rseqc/infer_experiment because it exceeded search pattern filesize limit: L1_sa
[2021-06-30 16:03:30,543] multiqc                                            [DEBUG  ]  File ignored by stacks/sumstats because it exceeded search pattern filesize limit: L1_sa
[2021-06-30 16:03:31,059] multiqc                                            [DEBUG  ]  File ignored by hicexplorer because it exceeded search pattern filesize limit: L1_BA
[2021-06-30 16:03:31,068] multiqc                                            [DEBUG  ]  File ignored by longranger/invocation because it exceeded search pattern filesize limit: L1_BA
[2021-06-30 16:03:31,068] multiqc                                            [DEBUG  ]  File ignored by rockhopper because it exceeded search pattern filesize limit: L1_BA
[2021-06-30 16:03:31,068] multiqc                                            [DEBUG  ]  File ignored by rseqc/bam_stat because it exceeded search pattern filesize limit: L1_BA
[2021-06-30 16:03:31,068] multiqc                                            [DEBUG  ]  File ignored by rseqc/junction_annotation because it exceeded search pattern filesize limit: L1_BA
[2021-06-30 16:03:31,068] multiqc                                            [DEBUG  ]  File ignored by rseqc/read_distribution because it exceeded search pattern filesize limit: L1_BA
[2021-06-30 16:03:31,068] multiqc                                            [DEBUG  ]  File ignored by rseqc/infer_experiment because it exceeded search pattern filesize limit: L1_BA
[2021-06-30 16:03:31,484] multiqc                                            [DEBUG  ]  File ignored by hicexplorer because it exceeded search pattern filesize limit: L6_BA
[2021-06-30 16:03:31,493] multiqc                                            [DEBUG  ]  File ignored by longranger/invocation because it exceeded search pattern filesize limit: L6_BA
[2021-06-30 16:03:31,493] multiqc                                            [DEBUG  ]  File ignored by rockhopper because it exceeded search pattern filesize limit: L6_BA
[2021-06-30 16:03:31,493] multiqc                                            [DEBUG  ]  File ignored by rseqc/bam_stat because it exceeded search pattern filesize limit: L6_BA
[2021-06-30 16:03:31,493] multiqc                                            [DEBUG  ]  File ignored by rseqc/junction_annotation because it exceeded search pattern filesize limit: L6_BA
[2021-06-30 16:03:31,493] multiqc                                            [DEBUG  ]  File ignored by rseqc/read_distribution because it exceeded search pattern filesize limit: L6_BA
[2021-06-30 16:03:31,493] multiqc                                            [DEBUG  ]  File ignored by rseqc/infer_experiment because it exceeded search pattern filesize limit: L6_BA
[2021-06-30 16:03:31,500] multiqc                                            [DEBUG  ]  File ignored by stacks/sumstats because it exceeded search pattern filesize limit: L6_BA
[2021-06-30 16:03:31,991] multiqc                                            [DEBUG  ]  File ignored by hicexplorer because it exceeded search pattern filesize limit: L10_sa
[2021-06-30 16:03:32,001] multiqc                                            [DEBUG  ]  File ignored by longranger/invocation because it exceeded search pattern filesize limit: L10_sa
[2021-06-30 16:03:32,002] multiqc                                            [DEBUG  ]  File ignored by rockhopper because it exceeded search pattern filesize limit: L10_sa
[2021-06-30 16:03:32,002] multiqc                                            [DEBUG  ]  File ignored by rseqc/bam_stat because it exceeded search pattern filesize limit: L10_sa
[2021-06-30 16:03:32,002] multiqc                                            [DEBUG  ]  File ignored by rseqc/junction_annotation because it exceeded search pattern filesize limit: L10_sa
[2021-06-30 16:03:32,002] multiqc                                            [DEBUG  ]  File ignored by rseqc/read_distribution because it exceeded search pattern filesize limit: L10_sa
[2021-06-30 16:03:32,002] multiqc                                            [DEBUG  ]  File ignored by rseqc/infer_experiment because it exceeded search pattern filesize limit: L10_sa
[2021-06-30 16:03:32,012] multiqc                                            [DEBUG  ]  File ignored by stacks/sumstats because it exceeded search pattern filesize limit: L10_sa
[2021-06-30 16:03:32,427] multiqc                                            [DEBUG  ]  File ignored by hicexplorer because it exceeded search pattern filesize limit: L10_BA
[2021-06-30 16:03:32,436] multiqc                                            [DEBUG  ]  File ignored by longranger/invocation because it exceeded search pattern filesize limit: L10_BA
[2021-06-30 16:03:32,436] multiqc                                            [DEBUG  ]  File ignored by rockhopper because it exceeded search pattern filesize limit: L10_BA
[2021-06-30 16:03:32,436] multiqc                                            [DEBUG  ]  File ignored by rseqc/bam_stat because it exceeded search pattern filesize limit: L10_BA
[2021-06-30 16:03:32,436] multiqc                                            [DEBUG  ]  File ignored by rseqc/junction_annotation because it exceeded search pattern filesize limit: L10_BA
[2021-06-30 16:03:32,436] multiqc                                            [DEBUG  ]  File ignored by rseqc/read_distribution because it exceeded search pattern filesize limit: L10_BA
[2021-06-30 16:03:32,437] multiqc                                            [DEBUG  ]  File ignored by rseqc/infer_experiment because it exceeded search pattern filesize limit: L10_BA
[2021-06-30 16:03:32,923] multiqc                                            [DEBUG  ]  File ignored by hicexplorer because it exceeded search pattern filesize limit: sito_BA
[2021-06-30 16:03:32,932] multiqc                                            [DEBUG  ]  File ignored by longranger/invocation because it exceeded search pattern filesize limit: sito_BA
[2021-06-30 16:03:32,932] multiqc                                            [DEBUG  ]  File ignored by rockhopper because it exceeded search pattern filesize limit: sito_BA
[2021-06-30 16:03:32,932] multiqc                                            [DEBUG  ]  File ignored by rseqc/bam_stat because it exceeded search pattern filesize limit: sito_BA
[2021-06-30 16:03:32,932] multiqc                                            [DEBUG  ]  File ignored by rseqc/junction_annotation because it exceeded search pattern filesize limit: sito_BA
[2021-06-30 16:03:32,932] multiqc                                            [DEBUG  ]  File ignored by rseqc/read_distribution because it exceeded search pattern filesize limit: sito_BA
[2021-06-30 16:03:32,932] multiqc                                            [DEBUG  ]  File ignored by rseqc/infer_experiment because it exceeded search pattern filesize limit: sito_BA
[2021-06-30 16:03:33,322] multiqc                                            [DEBUG  ]  File ignored by hicexplorer because it exceeded search pattern filesize limit: crassa_sa
[2021-06-30 16:03:33,330] multiqc                                            [DEBUG  ]  File ignored by longranger/invocation because it exceeded search pattern filesize limit: crassa_sa
[2021-06-30 16:03:33,330] multiqc                                            [DEBUG  ]  File ignored by rockhopper because it exceeded search pattern filesize limit: crassa_sa
[2021-06-30 16:03:33,331] multiqc                                            [DEBUG  ]  File ignored by rseqc/bam_stat because it exceeded search pattern filesize limit: crassa_sa
[2021-06-30 16:03:33,331] multiqc                                            [DEBUG  ]  File ignored by rseqc/junction_annotation because it exceeded search pattern filesize limit: crassa_sa
[2021-06-30 16:03:33,331] multiqc                                            [DEBUG  ]  File ignored by rseqc/read_distribution because it exceeded search pattern filesize limit: crassa_sa
[2021-06-30 16:03:33,331] multiqc                                            [DEBUG  ]  File ignored by rseqc/infer_experiment because it exceeded search pattern filesize limit: crassa_sa
[2021-06-30 16:03:33,703] multiqc                                            [DEBUG  ]  File ignored by hicexplorer because it exceeded search pattern filesize limit: crassa_BA
[2021-06-30 16:03:33,711] multiqc                                            [DEBUG  ]  File ignored by longranger/invocation because it exceeded search pattern filesize limit: crassa_BA
[2021-06-30 16:03:33,712] multiqc                                            [DEBUG  ]  File ignored by rockhopper because it exceeded search pattern filesize limit: crassa_BA
[2021-06-30 16:03:33,712] multiqc                                            [DEBUG  ]  File ignored by rseqc/bam_stat because it exceeded search pattern filesize limit: crassa_BA
[2021-06-30 16:03:33,712] multiqc                                            [DEBUG  ]  File ignored by rseqc/junction_annotation because it exceeded search pattern filesize limit: crassa_BA
[2021-06-30 16:03:33,712] multiqc                                            [DEBUG  ]  File ignored by rseqc/read_distribution because it exceeded search pattern filesize limit: crassa_BA
[2021-06-30 16:03:33,712] multiqc                                            [DEBUG  ]  File ignored by rseqc/infer_experiment because it exceeded search pattern filesize limit: crassa_BA
[2021-06-30 16:03:34,136] multiqc                                            [DEBUG  ]  File ignored by hicexplorer because it exceeded search pattern filesize limit: L6_sa
[2021-06-30 16:03:34,146] multiqc                                            [DEBUG  ]  File ignored by longranger/invocation because it exceeded search pattern filesize limit: L6_sa
[2021-06-30 16:03:34,146] multiqc                                            [DEBUG  ]  File ignored by rockhopper because it exceeded search pattern filesize limit: L6_sa
[2021-06-30 16:03:34,146] multiqc                                            [DEBUG  ]  File ignored by rseqc/bam_stat because it exceeded search pattern filesize limit: L6_sa
[2021-06-30 16:03:34,146] multiqc                                            [DEBUG  ]  File ignored by rseqc/junction_annotation because it exceeded search pattern filesize limit: L6_sa
[2021-06-30 16:03:34,146] multiqc                                            [DEBUG  ]  File ignored by rseqc/read_distribution because it exceeded search pattern filesize limit: L6_sa
[2021-06-30 16:03:34,146] multiqc                                            [DEBUG  ]  File ignored by rseqc/infer_experiment because it exceeded search pattern filesize limit: L6_sa
[2021-06-30 16:03:34,157] multiqc                                            [DEBUG  ]  File ignored by stacks/sumstats because it exceeded search pattern filesize limit: L6_sa
[2021-06-30 16:03:34,581] multiqc                                            [DEBUG  ]  File ignored by longranger/invocation because it exceeded search pattern filesize limit: crassa_BA.summary
[2021-06-30 16:03:34,733] multiqc                                            [DEBUG  ]  File ignored by hicexplorer because it exceeded search pattern filesize limit: sito_sa
[2021-06-30 16:03:34,743] multiqc                                            [DEBUG  ]  File ignored by longranger/invocation because it exceeded search pattern filesize limit: sito_sa
[2021-06-30 16:03:34,743] multiqc                                            [DEBUG  ]  File ignored by rockhopper because it exceeded search pattern filesize limit: sito_sa
[2021-06-30 16:03:34,743] multiqc                                            [DEBUG  ]  File ignored by rseqc/bam_stat because it exceeded search pattern filesize limit: sito_sa
[2021-06-30 16:03:34,743] multiqc                                            [DEBUG  ]  File ignored by rseqc/junction_annotation because it exceeded search pattern filesize limit: sito_sa
[2021-06-30 16:03:34,743] multiqc                                            [DEBUG  ]  File ignored by rseqc/read_distribution because it exceeded search pattern filesize limit: sito_sa
[2021-06-30 16:03:34,743] multiqc                                            [DEBUG  ]  File ignored by rseqc/infer_experiment because it exceeded search pattern filesize limit: sito_sa
[2021-06-30 16:03:35,157] multiqc                                            [DEBUG  ]  File ignored by longranger/invocation because it exceeded search pattern filesize limit: crassa_sa.summary
[2021-06-30 16:03:36,510] multiqc.plots.bargraph                             [DEBUG  ]  Using matplotlib version 3.0.3
[2021-06-30 16:03:36,512] multiqc.plots.linegraph                            [DEBUG  ]  Using matplotlib version 3.0.3
[2021-06-30 16:03:36,515] multiqc                                            [DEBUG  ]  No samples found: custom_content
[2021-06-30 16:03:36,525] multiqc                                            [DEBUG  ]  No samples found: ngsderive
[2021-06-30 16:03:36,533] multiqc                                            [DEBUG  ]  No samples found: purple
[2021-06-30 16:03:36,543] multiqc                                            [DEBUG  ]  No samples found: conpair
[2021-06-30 16:03:36,556] multiqc                                            [DEBUG  ]  No samples found: peddy
[2021-06-30 16:03:36,566] multiqc                                            [DEBUG  ]  No samples found: somalier
[2021-06-30 16:03:36,575] multiqc                                            [DEBUG  ]  No samples found: methylQA
[2021-06-30 16:03:36,596] multiqc                                            [DEBUG  ]  No samples found: mosdepth
[2021-06-30 16:03:36,611] multiqc                                            [DEBUG  ]  No samples found: phantompeakqualtools
[2021-06-30 16:03:36,616] multiqc                                            [DEBUG  ]  No samples found: qualimap
[2021-06-30 16:03:36,625] multiqc                                            [DEBUG  ]  No samples found: preseq
[2021-06-30 16:03:36,634] multiqc                                            [DEBUG  ]  No samples found: quast
[2021-06-30 16:03:36,644] multiqc                                            [DEBUG  ]  No samples found: qorts
[2021-06-30 16:03:36,653] multiqc                                            [DEBUG  ]  No samples found: rna_seqc
[2021-06-30 16:03:36,662] multiqc                                            [DEBUG  ]  No samples found: rockhopper
[2021-06-30 16:03:36,678] multiqc                                            [DEBUG  ]  No samples found: rsem
[2021-06-30 16:03:36,698] multiqc                                            [DEBUG  ]  No samples found: rseqc
[2021-06-30 16:03:36,707] multiqc                                            [DEBUG  ]  No samples found: busco
[2021-06-30 16:03:36,715] multiqc                                            [DEBUG  ]  No samples found: goleft_indexcov
[2021-06-30 16:03:36,726] multiqc                                            [DEBUG  ]  No samples found: disambiguate
[2021-06-30 16:03:36,746] multiqc                                            [DEBUG  ]  No samples found: supernova
[2021-06-30 16:03:36,766] multiqc                                            [DEBUG  ]  No samples found: deeptools
[2021-06-30 16:03:36,774] multiqc                                            [DEBUG  ]  No samples found: sargasso
[2021-06-30 16:03:36,784] multiqc                                            [DEBUG  ]  No samples found: verifybamid
[2021-06-30 16:03:36,799] multiqc                                            [DEBUG  ]  No samples found: mirtrace
[2021-06-30 16:03:36,808] multiqc                                            [DEBUG  ]  No samples found: happy
[2021-06-30 16:03:36,818] multiqc                                            [DEBUG  ]  No samples found: mirtop
[2021-06-30 16:03:36,830] multiqc                                            [DEBUG  ]  No samples found: homer
[2021-06-30 16:03:36,840] multiqc                                            [DEBUG  ]  No samples found: hops
[2021-06-30 16:03:36,851] multiqc                                            [DEBUG  ]  No samples found: macs2
[2021-06-30 16:03:36,861] multiqc                                            [DEBUG  ]  No samples found: theta2
[2021-06-30 16:03:36,877] multiqc                                            [DEBUG  ]  No samples found: snpeff
[2021-06-30 16:03:36,889] multiqc                                            [DEBUG  ]  No samples found: gatk
[2021-06-30 16:03:36,904] multiqc                                            [DEBUG  ]  No samples found: htseq
[2021-06-30 16:03:36,914] multiqc                                            [DEBUG  ]  No samples found: bcftools
[2021-06-30 16:03:36,940] multiqc.modules.featureCounts.feature_counts       [DEBUG  ]  Duplicate sample name found! Overwriting: crassa-aaP1_163_vs.2489_ribofiltered+trimmed
[2021-06-30 16:03:36,941] multiqc.modules.featureCounts.feature_counts       [DEBUG  ]  Duplicate sample name found! Overwriting: crassa-aaP1-sex_163_vs.2489_ribofiltered+trimmed
[2021-06-30 16:03:36,941] multiqc.modules.featureCounts.feature_counts       [DEBUG  ]  Duplicate sample name found! Overwriting: crassa-aaP2_163_vs.2489_ribofiltered+trimmed
[2021-06-30 16:03:36,941] multiqc.modules.featureCounts.feature_counts       [DEBUG  ]  Duplicate sample name found! Overwriting: crassa-aaP2-sex_163_vs.2489_ribofiltered+trimmed
[2021-06-30 16:03:36,942] multiqc.modules.featureCounts.feature_counts       [DEBUG  ]  Duplicate sample name found! Overwriting: crassa-aaP3_163_vs.2489_ribofiltered+trimmed
[2021-06-30 16:03:36,942] multiqc.modules.featureCounts.feature_counts       [DEBUG  ]  Duplicate sample name found! Overwriting: crassa-aaP3-sex_163_vs.2489_ribofiltered+trimmed
[2021-06-30 16:03:36,942] multiqc.modules.featureCounts.feature_counts       [DEBUG  ]  Duplicate sample name found! Overwriting: crassa-aP1_163_vs.2489_ribofiltered+trimmed
[2021-06-30 16:03:36,942] multiqc.modules.featureCounts.feature_counts       [DEBUG  ]  Duplicate sample name found! Overwriting: crassa-aP1-sex_163_vs.2489_ribofiltered+trimmed
[2021-06-30 16:03:36,943] multiqc.modules.featureCounts.feature_counts       [DEBUG  ]  Duplicate sample name found! Overwriting: crassa-aP2_163_vs.2489_ribofiltered+trimmed
[2021-06-30 16:03:36,943] multiqc.modules.featureCounts.feature_counts       [DEBUG  ]  Duplicate sample name found! Overwriting: crassa-aP2-sex_163_vs.2489_ribofiltered+trimmed
[2021-06-30 16:03:36,943] multiqc.modules.featureCounts.feature_counts       [DEBUG  ]  Duplicate sample name found! Overwriting: crassa-aP3_163_vs.2489_ribofiltered+trimmed
[2021-06-30 16:03:36,944] multiqc.modules.featureCounts.feature_counts       [DEBUG  ]  Duplicate sample name found! Overwriting: crassa-ap3-sex_163_vs.2489_ribofiltered+trimmed
[2021-06-30 16:03:36,947] multiqc.modules.featureCounts.feature_counts       [INFO   ]  Found 108 reports
[2021-06-30 16:03:49,324] multiqc                                            [DEBUG  ]  No samples found: fgbio
[2021-06-30 16:03:49,351] multiqc                                            [DEBUG  ]  No samples found: dragen
[2021-06-30 16:03:49,363] multiqc                                            [DEBUG  ]  No samples found: dedup
[2021-06-30 16:03:49,376] multiqc                                            [DEBUG  ]  No samples found: damageprofiler
[2021-06-30 16:03:49,418] multiqc                                            [DEBUG  ]  No samples found: biobambam2
[2021-06-30 16:03:49,427] multiqc                                            [DEBUG  ]  No samples found: jcvi
[2021-06-30 16:03:49,437] multiqc                                            [DEBUG  ]  No samples found: mtnucratio
[2021-06-30 16:03:49,441] multiqc                                            [DEBUG  ]  No samples found: picard
[2021-06-30 16:03:49,454] multiqc                                            [DEBUG  ]  No samples found: sentieon
[2021-06-30 16:03:49,471] multiqc                                            [DEBUG  ]  No samples found: prokka
[2021-06-30 16:03:49,482] multiqc                                            [DEBUG  ]  No samples found: qc3C
[2021-06-30 16:03:49,499] multiqc                                            [DEBUG  ]  No samples found: samblaster
[2021-06-30 16:03:49,514] multiqc                                            [DEBUG  ]  No samples found: samtools
[2021-06-30 16:03:49,524] multiqc                                            [DEBUG  ]  No samples found: sexdeterrmine
[2021-06-30 16:03:49,533] multiqc                                            [DEBUG  ]  No samples found: eigenstratdatabasetools
[2021-06-30 16:03:49,544] multiqc                                            [DEBUG  ]  No samples found: bamtools
[2021-06-30 16:03:49,553] multiqc                                            [DEBUG  ]  No samples found: jellyfish
[2021-06-30 16:03:49,568] multiqc                                            [DEBUG  ]  No samples found: vcftools
[2021-06-30 16:03:49,577] multiqc                                            [DEBUG  ]  No samples found: longranger
[2021-06-30 16:03:49,586] multiqc                                            [DEBUG  ]  No samples found: stacks
[2021-06-30 16:03:49,604] multiqc                                            [DEBUG  ]  No samples found: varscan2
[2021-06-30 16:03:49,636] multiqc                                            [DEBUG  ]  No samples found: bbmap
[2021-06-30 16:03:49,646] multiqc                                            [DEBUG  ]  No samples found: bismark
[2021-06-30 16:03:49,656] multiqc                                            [DEBUG  ]  No samples found: biscuit
[2021-06-30 16:03:49,671] multiqc                                            [DEBUG  ]  No samples found: hicexplorer
[2021-06-30 16:03:49,685] multiqc                                            [DEBUG  ]  No samples found: hicup
[2021-06-30 16:03:49,694] multiqc                                            [DEBUG  ]  No samples found: hicpro
[2021-06-30 16:03:49,703] multiqc                                            [DEBUG  ]  No samples found: salmon
[2021-06-30 16:03:49,712] multiqc                                            [DEBUG  ]  No samples found: kallisto
[2021-06-30 16:03:49,728] multiqc                                            [DEBUG  ]  No samples found: slamdunk
[2021-06-30 16:03:49,748] multiqc                                            [DEBUG  ]  No samples found: star
[2021-06-30 16:03:49,758] multiqc                                            [DEBUG  ]  No samples found: hisat2
[2021-06-30 16:03:49,768] multiqc                                            [DEBUG  ]  No samples found: tophat
[2021-06-30 16:03:49,778] multiqc                                            [DEBUG  ]  No samples found: bowtie2
[2021-06-30 16:03:49,789] multiqc                                            [DEBUG  ]  No samples found: bowtie1
[2021-06-30 16:03:49,799] multiqc                                            [DEBUG  ]  No samples found: snpsplit
[2021-06-30 16:03:49,808] multiqc                                            [DEBUG  ]  No samples found: kat
[2021-06-30 16:03:49,818] multiqc                                            [DEBUG  ]  No samples found: leehom
[2021-06-30 16:03:49,828] multiqc                                            [DEBUG  ]  No samples found: adapterRemoval
[2021-06-30 16:03:49,837] multiqc                                            [DEBUG  ]  No samples found: clipandmerge
[2021-06-30 16:03:49,849] multiqc                                            [DEBUG  ]  No samples found: cutadapt
[2021-06-30 16:03:49,858] multiqc                                            [DEBUG  ]  No samples found: flexbar
[2021-06-30 16:03:49,878] multiqc                                            [DEBUG  ]  No samples found: kaiju
[2021-06-30 16:03:49,888] multiqc                                            [DEBUG  ]  No samples found: kraken
[2021-06-30 16:03:49,902] multiqc                                            [DEBUG  ]  No samples found: malt
[2021-06-30 16:03:49,910] multiqc                                            [DEBUG  ]  No samples found: trimmomatic
[2021-06-30 16:03:49,919] multiqc                                            [DEBUG  ]  No samples found: sickle
[2021-06-30 16:03:49,928] multiqc                                            [DEBUG  ]  No samples found: skewer
[2021-06-30 16:03:49,937] multiqc                                            [DEBUG  ]  No samples found: sortmerna
[2021-06-30 16:03:49,947] multiqc                                            [DEBUG  ]  No samples found: biobloomtools
[2021-06-30 16:03:49,956] multiqc                                            [DEBUG  ]  No samples found: fastq_screen
[2021-06-30 16:03:49,966] multiqc                                            [DEBUG  ]  No samples found: afterqc
[2021-06-30 16:03:49,974] multiqc                                            [DEBUG  ]  No samples found: fastp
[2021-06-30 16:03:49,984] multiqc                                            [DEBUG  ]  No samples found: fastqc
[2021-06-30 16:03:49,994] multiqc                                            [DEBUG  ]  No samples found: pychopper
[2021-06-30 16:03:50,003] multiqc                                            [DEBUG  ]  No samples found: pycoqc
[2021-06-30 16:03:50,014] multiqc                                            [DEBUG  ]  No samples found: minionqc
[2021-06-30 16:03:50,027] multiqc                                            [DEBUG  ]  No samples found: multivcfanalyzer
[2021-06-30 16:03:50,036] multiqc                                            [DEBUG  ]  No samples found: clusterflow
[2021-06-30 16:03:50,045] multiqc                                            [DEBUG  ]  No samples found: bcl2fastq
[2021-06-30 16:03:50,054] multiqc                                            [DEBUG  ]  No samples found: interop
[2021-06-30 16:03:50,063] multiqc                                            [DEBUG  ]  No samples found: ivar
[2021-06-30 16:03:50,082] multiqc                                            [DEBUG  ]  No samples found: flash
[2021-06-30 16:03:50,091] multiqc                                            [DEBUG  ]  No samples found: seqyclean
[2021-06-30 16:03:50,100] multiqc                                            [DEBUG  ]  No samples found: optitype
[2021-06-30 16:03:50,175] multiqc                                            [INFO   ]  Compressing plot data
[2021-06-30 16:03:50,188] multiqc                                            [INFO   ]  Report      : multiqc_report.html
[2021-06-30 16:03:50,188] multiqc                                            [INFO   ]  Data        : multiqc_data
[2021-06-30 16:03:50,188] multiqc                                            [DEBUG  ]  Moving data file from '/scratch/tmpmx52ry8g/multiqc_data' to '/crex/proj/sllstore2017101/nobackup/b2016278_nobackup/geneCounts/multiqc_data'
[2021-06-30 16:03:50,443] multiqc                                            [INFO   ]  MultiQC complete
